<?xml version="1.0" encoding="UTF-8"?>
<!-- Generated by org.testng.reporters.JUnitReportReporter -->
<testsuite hostname="vignesh-PC" failures="0" tests="1" name="TestAutomation.MyTest.ProductsPageTest" time="21.136" errors="0" timestamp="2023-03-21T16:26:05 IST" skipped="0">
  <testcase classname="TestAutomation.MyTest.ProductsPageTest" name="productsVerify" time="21.136"/>
  <system-out/>
</testsuite> <!-- TestAutomation.MyTest.ProductsPageTest -->
