<?xml version="1.0" encoding="UTF-8"?>
<!-- Generated by org.testng.reporters.JUnitReportReporter -->
<testsuite hostname="vignesh-PC" failures="0" tests="1" name="TestAutomation.MyTest.loginpageTest" time="39.254" errors="0" timestamp="2023-03-21T15:16:31 IST" skipped="0">
  <testcase classname="TestAutomation.MyTest.loginpageTest" name="Login" time="39.254"/>
  <system-out/>
</testsuite> <!-- TestAutomation.MyTest.loginpageTest -->
