<?xml version="1.0" encoding="UTF-8"?>
<!-- Generated by org.testng.reporters.JUnitReportReporter -->
<testsuite hostname="vignesh-PC" failures="0" tests="1" name="TestAutomation.MyTest.BaseTest" time="16.943" errors="0" timestamp="2023-02-16T10:53:44 IST" skipped="0">
  <testcase classname="TestAutomation.MyTest.BaseTest" name="loginpage" time="16.943"/>
  <system-out/>
</testsuite> <!-- TestAutomation.MyTest.BaseTest -->
