<?xml version="1.0" encoding="UTF-8"?>
<!-- Generated by org.testng.reporters.JUnitReportReporter -->
<testsuite hostname="vignesh-PC" failures="0" tests="2" name="TestAutomation.MyTest.loginpageTest" time="26.917" errors="0" timestamp="2023-02-11T15:30:41 IST" skipped="0">
  <testcase classname="TestAutomation.MyTest.loginpageTest" name="loginpage" time="1.508"/>
  <system-out/>
  <testcase classname="TestAutomation.MyTest.loginpageTest" name="browserIntialization" time="25.409"/>
  <system-out/>
</testsuite> <!-- TestAutomation.MyTest.loginpageTest -->
