<?xml version="1.0" encoding="UTF-8"?>
<!-- Generated by org.testng.reporters.JUnitReportReporter -->
<testsuite hostname="vignesh-PC" failures="0" tests="1" name="TestAutomation.MyTest.LinkBrokenTest" time="22.197" errors="0" timestamp="2023-03-17T19:57:45 IST" skipped="0">
  <testcase classname="TestAutomation.MyTest.LinkBrokenTest" name="verifyLinks" time="22.197"/>
  <system-out/>
</testsuite> <!-- TestAutomation.MyTest.LinkBrokenTest -->
