<?xml version="1.0" encoding="UTF-8"?>
<!-- Generated by org.testng.reporters.JUnitReportReporter -->
<testsuite hostname="vignesh-PC" failures="0" tests="1" name="TestAutomation.MyTest.ExcelDataRetrive" time="1.745" errors="0" timestamp="2023-03-20T12:58:00 IST" skipped="0">
  <testcase classname="TestAutomation.MyTest.ExcelDataRetrive" name="getData" time="1.745"/>
  <system-out/>
</testsuite> <!-- TestAutomation.MyTest.ExcelDataRetrive -->
